[WARNUNG] Kein Inhalt für: CELEX:E2025C02476: Bekanntmachung der EFTA-Überwachungsbehörde über die bei Rückforderungsentscheidungen angewandten Zinssätze sowie die Referenz- und Abzinsungssätze für die EFTA-Staaten ab dem 1. Januar 2025 (Veröffentlicht im Einklang mit den Vorschriften über die Referenz- und Abzinsungssätze in Teil VII der Leitlinien der Überwachungsbehörde für staatliche Beihilfen und Artikel 10 der Entscheidung der Überwachungsbehörde Nr. 195/04/COL vom 14. Juli 2004)
[WARNUNG] Kein Inhalt für: CELEX:C/2025/02309: Euro-Wechselkurs — 7. Mai 2025
[WARNUNG] Kein Inhalt für: CELEX:52025M11896: Vorherige Anmeldung eines Zusammenschlusses (Sache M.11896 — CARNIVAL / RCCL / MSC / GBSY JV) — Für das vereinfachte Verfahren infrage kommender Fall
[WARNUNG] Kein Inhalt für: CELEX:52025XC02722: Veröffentlichung der Mitteilung über die Genehmigung einer Standardänderung einer Produktspezifikation einer geografischen Angabe gemäß Artikel 5 Absatz 4 der Delegierten Verordnung (EU) 2025/27 der Kommission
[WARNUNG] Kein Inhalt für: CELEX:52025XG02752: Mitteilung an BOUYERI, Mohammed (alias Abu Zubair, alias Sobiar, alias Abu Zoubair), die Kommunistische Partei der Philippinen einschließlich der Neuen Volksarmee (New People's Army – NPA), die Nationale Befreiungsarmee (Ejército de Liberación Nacional – ELN), die Revolutionäre Volksbefreiungspartei/-front (Devrimci Halk Kurtulus Partisi-Cephesi – DHKP-C) und den Leuchtenden Pfad (Sendero Luminoso – SL), die in der Liste der Personen, Vereinigungen und Körperschaften nach dem Gemeinsamen Standpunkt 2001/931/GASP des Rates über die Anwendung besonderer Maßnahmen zur Bekämpfung des Terrorismus und nach der Verordnung (EG) Nr. 2580/2001 des Rates über spezifische, gegen bestimmte Personen und Organisationen gerichtete restriktive Maßnahmen zur Bekämpfung des Terrorismus aufgeführt sind
[WARNUNG] Kein Inhalt für: CELEX:52025M11863(01): Keine Einwände gegen einen angemeldeten Zusammenschluss (Sache M.11863 — AUCHAN / CODIM / ADIS)
[WARNUNG] Kein Inhalt für: CELEX:52025M11937(01): Keine Einwände gegen einen angemeldeten Zusammenschluss (Sache M.11937 — WARBURG PINCUS / BERKSHIRE PARTNERS / TRIUMPH GROUP)
[WARNUNG] Kein Inhalt für: CELEX:52024XC05264R(01)
[WARNUNG] Kein Inhalt für: CELEX:62024TN0623: Rechtssache T-623/24: Klage, eingereicht am 2. Dezember 2024 – Bardella u. a./Parlament
[WARNUNG] Kein Inhalt für: CELEX:52025XC02734: Veröffentlichung der Mitteilung einer genehmigten Standardänderung einer Produktspezifikation einer geografischen Angabe gemäß Artikel 5 Absatz 4 der Delegierten Verordnung (EU) 2025/27 der Kommission
[WARNUNG] Kein Inhalt für: CELEX:52025M11727: Keine Einwände gegen einen angemeldeten Zusammenschluss (Sache M.11727 — SWISS LIFE / NBIM / GAITÉ)
[WARNUNG] Kein Inhalt für: CELEX:52025M11262: Keine Einwände gegen einen angemeldeten Zusammenschluss (Sache M.11262 — FRAMATOME / NAVAL GROUP / JEUMONT ELECTRIC)
[WARNUNG] Kein Inhalt für: CELEX:52025M11602: Vorherige Anmeldung eines Zusammenschlusses (Sache M.11602 — SES / INTELSAT) — Für das vereinfachte Verfahren infrage kommender Fall
[WARNUNG] Kein Inhalt für: CELEX:52025XC02606: Mitteilug der Kommission — Auslegungsleitlinien bezüglich der Festsetzung von Entgelten für die Nutzung der Fahrwege der Eisenbahn
[WARNUNG] Kein Inhalt für: CELEX:E2025C02476: Bekanntmachung der EFTA-Überwachungsbehörde über die bei Rückforderungsentscheidungen angewandten Zinssätze sowie die Referenz- und Abzinsungssätze für die EFTA-Staaten ab dem 1. Januar 2025 (Veröffentlicht im Einklang mit den Vorschriften über die Referenz- und Abzinsungssätze in Teil VII der Leitlinien der Überwachungsbehörde für staatliche Beihilfen und Artikel 10 der Entscheidung der Überwachungsbehörde Nr. 195/04/COL vom 14. Juli 2004)
[WARNUNG] Kein Inhalt für: CELEX:C/2025/02309: Euro-Wechselkurs — 7. Mai 2025
[WARNUNG] Kein Inhalt für: CELEX:52025M11896: Vorherige Anmeldung eines Zusammenschlusses (Sache M.11896 — CARNIVAL / RCCL / MSC / GBSY JV) — Für das vereinfachte Verfahren infrage kommender Fall
[WARNUNG] Kein Inhalt für: CELEX:52025M11863(01): Keine Einwände gegen einen angemeldeten Zusammenschluss (Sache M.11863 — AUCHAN / CODIM / ADIS)
[WARNUNG] Kein Inhalt für: CELEX:52025M11937(01): Keine Einwände gegen einen angemeldeten Zusammenschluss (Sache M.11937 — WARBURG PINCUS / BERKSHIRE PARTNERS / TRIUMPH GROUP)
[WARNUNG] Kein Inhalt für: CELEX:62024TN0623: Rechtssache T-623/24: Klage, eingereicht am 2. Dezember 2024 – Bardella u. a./Parlament
[WARNUNG] Kein Inhalt für: CELEX:52024XC05264R(01)
[WARNUNG] Kein Inhalt für: CELEX:52025XC02722: Veröffentlichung der Mitteilung über die Genehmigung einer Standardänderung einer Produktspezifikation einer geografischen Angabe gemäß Artikel 5 Absatz 4 der Delegierten Verordnung (EU) 2025/27 der Kommission
[WARNUNG] Kein Inhalt für: CELEX:52025XG02752: Mitteilung an BOUYERI, Mohammed (alias Abu Zubair, alias Sobiar, alias Abu Zoubair), die Kommunistische Partei der Philippinen einschließlich der Neuen Volksarmee (New People's Army – NPA), die Nationale Befreiungsarmee (Ejército de Liberación Nacional – ELN), die Revolutionäre Volksbefreiungspartei/-front (Devrimci Halk Kurtulus Partisi-Cephesi – DHKP-C) und den Leuchtenden Pfad (Sendero Luminoso – SL), die in der Liste der Personen, Vereinigungen und Körperschaften nach dem Gemeinsamen Standpunkt 2001/931/GASP des Rates über die Anwendung besonderer Maßnahmen zur Bekämpfung des Terrorismus und nach der Verordnung (EG) Nr. 2580/2001 des Rates über spezifische, gegen bestimmte Personen und Organisationen gerichtete restriktive Maßnahmen zur Bekämpfung des Terrorismus aufgeführt sind
[WARNUNG] Kein Inhalt für: CELEX:52025XC02734: Veröffentlichung der Mitteilung einer genehmigten Standardänderung einer Produktspezifikation einer geografischen Angabe gemäß Artikel 5 Absatz 4 der Delegierten Verordnung (EU) 2025/27 der Kommission
[WARNUNG] Kein Inhalt für: CELEX:52025M11727: Keine Einwände gegen einen angemeldeten Zusammenschluss (Sache M.11727 — SWISS LIFE / NBIM / GAITÉ)
[WARNUNG] Kein Inhalt für: CELEX:52025M11262: Keine Einwände gegen einen angemeldeten Zusammenschluss (Sache M.11262 — FRAMATOME / NAVAL GROUP / JEUMONT ELECTRIC)
[WARNUNG] Kein Inhalt für: CELEX:52025M11602: Vorherige Anmeldung eines Zusammenschlusses (Sache M.11602 — SES / INTELSAT) — Für das vereinfachte Verfahren infrage kommender Fall
[WARNUNG] Kein Inhalt für: CELEX:52025XC02606: Mitteilug der Kommission — Auslegungsleitlinien bezüglich der Festsetzung von Entgelten für die Nutzung der Fahrwege der Eisenbahn
