[WARNUNG] Kein Inhalt für: OJ:C_202503335: Mitteilungen der Mitgliedstaaten — Bekanntmachung der Regierung der Hellenischen Republik betreffend die Richtlinie 94/22/EG des Europäischen Parlaments und des Rates über die Erteilung und Nutzung von Genehmigungen zur Prospektion, Exploration und Gewinnung von Kohlenwasserstoffen
[WARNUNG] Kein Inhalt für: OJ:C_202503222: Genehmigung staatlicher Beihilfen nach den Artikeln 107 und 108 des Vertrags über die Arbeitsweise der Europäischen Union — Vorhaben, gegen die von der Kommission keine Einwände erhoben werden — SA.116353
[WARNUNG] Kein Inhalt für: OJ:C_202503217: Veröffentlichung der Mitteilung einer genehmigten Standardänderung der Produktspezifikation einer geografischen Angabe gemäß Artikel 5 Absatz 4 der Delegierten Verordnung (EU) 2025/27 der Kommission
[WARNUNG] Kein Inhalt für: OJ:C_202503234: Genehmigung staatlicher Beihilfen nach den Artikeln 107 und 108 des Vertrags über die Arbeitsweise der Europäischen Union — Vorhaben, gegen die von der Kommission keine Einwände erhoben werden — SA.117255
[WARNUNG] Kein Inhalt für: OJ:C_202503235: Zusammenfassung des Beschlusses der Kommission vom 23. April 2025 — Beschluss nach Artikel 29 Absatz 7 der Verordnung (EU) 2022/1925 (Sache DMA.100185 – Apple – Operating systems – iOS – Art. 6(3)) (bekannt gegeben unter aktenzeichen C(2025) 2562)
[WARNUNG] Kein Inhalt für: OJ:C_202503327: EMPFEHLUNG DER EUROPÄISCHEN ZENTRALBANK vom 2. Juni 2025 an den Rat der Europäischen Union zu den externen Rechnungsprüfern der Deutschen Bundesbank (EZB/2025/19)
[WARNUNG] Kein Inhalt für: OJ:C_202503226: Vorherige Anmeldung eines Zusammenschlusses (Sache M.11874 — FRASERS / XXL) — Für das vereinfachte Verfahren infrage kommender Fall
[WARNUNG] Kein Inhalt für: OJ:C_202503225: Vorherige Anmeldung eines Zusammenschlusses (Sache M.12019 — APG / MACQUARIE / SKYNRG) — Für das vereinfachte Verfahren infrage kommender Fall
[WARNUNG] Kein Inhalt für: OJ:C_202503320: Keine Einwände gegen einen angemeldeten Zusammenschluss (Sache M.11684 — MIDEA / TEKA)
[WARNUNG] Kein Inhalt für: OJ:C_202503105: Euro-Wechselkurs — 11. Juni 2025
[WARNUNG] Kein Inhalt für: CELEX:52025AT40669: Stellungnahme des beratenden ausschusses für kartell- und monopolfragen aus der Sitzung vom 24. März 2025 zum Entwurf eines Beschlusses in der Sache AT.40669 — RECYCLING VON ALTFAHRZEUGEN — Sitzung per Videokonferenz — über Webex — Berichterstatter: Ungarn
[WARNUNG] Kein Inhalt für: CELEX:52025XC03232: Erläuterungen zur Kombinierten Nomenklatur der Europäischen Union
[WARNUNG] Kein Inhalt für: CELEX:52025XG03329: Mitteilung an die Personen, die den restriktiven Maßnahmen nach dem Beschluss 2011/72/GASP des Rates und nach der Verordnung (EU) Nr. 101/2011 des Rates über restriktive Maßnahmen gegen bestimmte Personen, Organisationen und Einrichtungen angesichts der Lage in Tunesien unterliegen
[WARNUNG] Kein Inhalt für: CELEX:C/2025/03104: Euro-Wechselkurs — 10. Juni 2025
[WARNUNG] Kein Inhalt für: CELEX:52025AT40669(01): Abschlussbericht der Anhörungsbeauftragten — AT.40669 — Recycling von Altfahrzeugen
[WARNUNG] Kein Inhalt für: CELEX:52025XG03335: Mitteilungen der Mitgliedstaaten — Bekanntmachung der Regierung der Hellenischen Republik betreffend die Richtlinie 94/22/EG des Europäischen Parlaments und des Rates über die Erteilung und Nutzung von Genehmigungen zur Prospektion, Exploration und Gewinnung von Kohlenwasserstoffen
[WARNUNG] Kein Inhalt für: CELEX:52025AS116353: Genehmigung staatlicher Beihilfen nach den Artikeln 107 und 108 des Vertrags über die Arbeitsweise der Europäischen Union — Vorhaben, gegen die von der Kommission keine Einwände erhoben werden — SA.116353
[WARNUNG] Kein Inhalt für: CELEX:52025AS117255: Genehmigung staatlicher Beihilfen nach den Artikeln 107 und 108 des Vertrags über die Arbeitsweise der Europäischen Union — Vorhaben, gegen die von der Kommission keine Einwände erhoben werden — SA.117255
[WARNUNG] Kein Inhalt für: CELEX:52025XC03217: Veröffentlichung der Mitteilung einer genehmigten Standardänderung der Produktspezifikation einer geografischen Angabe gemäß Artikel 5 Absatz 4 der Delegierten Verordnung (EU) 2025/27 der Kommission
[WARNUNG] Kein Inhalt für: CELEX:52025M12019: Vorherige Anmeldung eines Zusammenschlusses (Sache M.12019 — APG / MACQUARIE / SKYNRG) — Für das vereinfachte Verfahren infrage kommender Fall
[WARNUNG] Kein Inhalt für: CELEX:52025M11874: Vorherige Anmeldung eines Zusammenschlusses (Sache M.11874 — FRASERS / XXL) — Für das vereinfachte Verfahren infrage kommender Fall
[WARNUNG] Kein Inhalt für: CELEX:52025HB0019: EMPFEHLUNG DER EUROPÄISCHEN ZENTRALBANK vom 2. Juni 2025 an den Rat der Europäischen Union zu den externen Rechnungsprüfern der Deutschen Bundesbank (EZB/2025/19)
[WARNUNG] Kein Inhalt für: CELEX:52025DMA100185: Zusammenfassung des Beschlusses der Kommission vom 23. April 2025 — Beschluss nach Artikel 29 Absatz 7 der Verordnung (EU) 2022/1925 (Sache DMA.100185 – Apple – Operating systems – iOS – Art. 6(3)) (bekannt gegeben unter aktenzeichen C(2025) 2562)
[WARNUNG] Kein Inhalt für: CELEX:C/2025/03105: Euro-Wechselkurs — 11. Juni 2025
[WARNUNG] Kein Inhalt für: CELEX:52025M11684(01): Keine Einwände gegen einen angemeldeten Zusammenschluss (Sache M.11684 — MIDEA / TEKA)
[WARNUNG] Kein Inhalt für: CELEX:52025AT40669: Stellungnahme des beratenden ausschusses für kartell- und monopolfragen aus der Sitzung vom 24. März 2025 zum Entwurf eines Beschlusses in der Sache AT.40669 — RECYCLING VON ALTFAHRZEUGEN — Sitzung per Videokonferenz — über Webex — Berichterstatter: Ungarn
[WARNUNG] Kein Inhalt für: CELEX:52025XG03329: Mitteilung an die Personen, die den restriktiven Maßnahmen nach dem Beschluss 2011/72/GASP des Rates und nach der Verordnung (EU) Nr. 101/2011 des Rates über restriktive Maßnahmen gegen bestimmte Personen, Organisationen und Einrichtungen angesichts der Lage in Tunesien unterliegen
[WARNUNG] Kein Inhalt für: CELEX:C/2025/03104: Euro-Wechselkurs — 10. Juni 2025
[WARNUNG] Kein Inhalt für: CELEX:52025XC03232: Erläuterungen zur Kombinierten Nomenklatur der Europäischen Union
[WARNUNG] Kein Inhalt für: CELEX:52025AT40669(01): Abschlussbericht der Anhörungsbeauftragten — AT.40669 — Recycling von Altfahrzeugen
[WARNUNG] Kein Inhalt für: CELEX:52025XG03335: Mitteilungen der Mitgliedstaaten — Bekanntmachung der Regierung der Hellenischen Republik betreffend die Richtlinie 94/22/EG des Europäischen Parlaments und des Rates über die Erteilung und Nutzung von Genehmigungen zur Prospektion, Exploration und Gewinnung von Kohlenwasserstoffen
[WARNUNG] Kein Inhalt für: CELEX:52025AS116353: Genehmigung staatlicher Beihilfen nach den Artikeln 107 und 108 des Vertrags über die Arbeitsweise der Europäischen Union — Vorhaben, gegen die von der Kommission keine Einwände erhoben werden — SA.116353
[WARNUNG] Kein Inhalt für: CELEX:52025AS117255: Genehmigung staatlicher Beihilfen nach den Artikeln 107 und 108 des Vertrags über die Arbeitsweise der Europäischen Union — Vorhaben, gegen die von der Kommission keine Einwände erhoben werden — SA.117255
[WARNUNG] Kein Inhalt für: CELEX:52025XC03217: Veröffentlichung der Mitteilung einer genehmigten Standardänderung der Produktspezifikation einer geografischen Angabe gemäß Artikel 5 Absatz 4 der Delegierten Verordnung (EU) 2025/27 der Kommission
[WARNUNG] Kein Inhalt für: CELEX:52025M12019: Vorherige Anmeldung eines Zusammenschlusses (Sache M.12019 — APG / MACQUARIE / SKYNRG) — Für das vereinfachte Verfahren infrage kommender Fall
[WARNUNG] Kein Inhalt für: CELEX:52025M11874: Vorherige Anmeldung eines Zusammenschlusses (Sache M.11874 — FRASERS / XXL) — Für das vereinfachte Verfahren infrage kommender Fall
[WARNUNG] Kein Inhalt für: CELEX:52025HB0019: EMPFEHLUNG DER EUROPÄISCHEN ZENTRALBANK vom 2. Juni 2025 an den Rat der Europäischen Union zu den externen Rechnungsprüfern der Deutschen Bundesbank (EZB/2025/19)
[WARNUNG] Kein Inhalt für: CELEX:52025DMA100185: Zusammenfassung des Beschlusses der Kommission vom 23. April 2025 — Beschluss nach Artikel 29 Absatz 7 der Verordnung (EU) 2022/1925 (Sache DMA.100185 – Apple – Operating systems – iOS – Art. 6(3)) (bekannt gegeben unter aktenzeichen C(2025) 2562)
[WARNUNG] Kein Inhalt für: CELEX:52025M11684(01): Keine Einwände gegen einen angemeldeten Zusammenschluss (Sache M.11684 — MIDEA / TEKA)
[WARNUNG] Kein Inhalt für: CELEX:C/2025/03105: Euro-Wechselkurs — 11. Juni 2025
[WARNUNG] Kein Inhalt für: CELEX:52025AT40669: Stellungnahme des beratenden ausschusses für kartell- und monopolfragen aus der Sitzung vom 24. März 2025 zum Entwurf eines Beschlusses in der Sache AT.40669 — RECYCLING VON ALTFAHRZEUGEN — Sitzung per Videokonferenz — über Webex — Berichterstatter: Ungarn
[WARNUNG] Kein Inhalt für: CELEX:52025XG03329: Mitteilung an die Personen, die den restriktiven Maßnahmen nach dem Beschluss 2011/72/GASP des Rates und nach der Verordnung (EU) Nr. 101/2011 des Rates über restriktive Maßnahmen gegen bestimmte Personen, Organisationen und Einrichtungen angesichts der Lage in Tunesien unterliegen
[WARNUNG] Kein Inhalt für: CELEX:C/2025/03104: Euro-Wechselkurs — 10. Juni 2025
[WARNUNG] Kein Inhalt für: CELEX:52025XC03232: Erläuterungen zur Kombinierten Nomenklatur der Europäischen Union
[WARNUNG] Kein Inhalt für: CELEX:52025AT40669(01): Abschlussbericht der Anhörungsbeauftragten — AT.40669 — Recycling von Altfahrzeugen
