[WARNUNG] Kein Inhalt für: OJ:L_202501159: Delegierte Verordnung (EU) 2025/1159 der Kommission vom 31. März 2025 zur Berichtigung der Delegierten Verordnung (EU) 2022/126 zur Ergänzung der Verordnung (EU) 2021/2115 des Europäischen Parlaments und des Rates um zusätzliche Anforderungen für bestimmte, von den Mitgliedstaaten in ihren GAP-Strategieplänen für den Zeitraum 2023 bis 2027 gemäß der genannten Verordnung festgelegte Interventionskategorien sowie um Vorschriften über den Anteil für den Standard für den guten landwirtschaftlichen und ökologischen Zustand (GLÖZ-Standard) Nr. 1
[WARNUNG] Kein Inhalt für: OJ:L_202501150: Verordnung (EU) 2025/1150 der Kommission vom 11. Juni 2025 zur Änderung des Anhangs III der Verordnung (EG) Nr. 1333/2008 des Europäischen Parlaments und des Rates hinsichtlich der Verwendung von Natriumascorbat (E 301) in Vitamin-A-Präparaten, die für Säuglingsanfangsnahrung und Folgenahrung bestimmt sind
[WARNUNG] Kein Inhalt für: OJ:L_202501117: Delegierte Verordnung (EU) 2025/1117 der Kommission vom 3. April 2025 zur Änderung der Delegierten Verordnung (EU) 2015/68 und der Delegierten Verordnung (EU) 2015/208 im Hinblick auf die Anforderungen für die Bremsen von Fahrzeugen und die Anforderungen an die funktionale Sicherheit von land- und forstwirtschaftlichen Fahrzeugen
[WARNUNG] Kein Inhalt für: OJ:L_202500990: Beschluss des Gemeinsamen EWR-Ausschusses Nr. 65/2025 vom 14. März 2025 zur Änderung von Anhang II (Technische Vorschriften, Normen, Prüfung und Zertifizierung) des EWR-Abkommens [2025/990]
[WARNUNG] Kein Inhalt für: OJ:L_202501031: Beschluss des Gemeinsamen EWR-Ausschusses Nr. 47/2025 vom 14. März 2025 zur Änderung von Anhang II (Technische Vorschriften, Normen, Prüfung und Zertifizierung) des EWR-Abkommens [2025/1031]
[WARNUNG] Kein Inhalt für: OJ:L_202501033: Beschluss des Gemeinsamen EWR-Ausschusses Nr. 43/2025 vom 14. März 2025 zur Änderung von Anhang I (Veterinärwesen und Pflanzenschutz) des EWR-Abkommens [2025/1033]
[WARNUNG] Kein Inhalt für: OJ:L_202501002: Beschluss des Gemeinsamen EWR-Ausschusses Nr. 81/2025 vom 14. März 2025 zur Änderung von Anhang XIII (Verkehr) des EWR-Abkommens [2025/1002]
[WARNUNG] Kein Inhalt für: OJ:L_202500995: Beschluss des Gemeinsamen EWR-Ausschusses Nr. 86/2025
[WARNUNG] Kein Inhalt für: OJ:L_202500985: Beschluss des Gemeinsamen EWR-Ausschusses Nr. 62/2025 vom 14. März 2025 zur Änderung von Anhang II (Technische Vorschriften, Normen, Prüfung und Zertifizierung) des EWR-Abkommens [2025/985]
[WARNUNG] Kein Inhalt für: OJ:L_202501152: Durchführungsverordnung (EU) 2025/1152 der Kommission vom 11. Juni 2025 zur Erneuerung der Genehmigung für den Wirkstoff Chinolin-8-ol — als Substitutionskandidat — gemäß der Verordnung (EG) Nr. 1107/2009 des Europäischen Parlaments und des Rates sowie zur Änderung der Durchführungsverordnungen (EU) Nr. 540/2011 und (EU) 2015/408 der Kommission
[WARNUNG] Kein Inhalt für: OJ:L_202590485
[WARNUNG] Kein Inhalt für: OJ:L_202500996: Beschluss des Gemeinsamen EWR-Ausschusses Nr. 89/2025 vom 14. März 2025 zur Änderung von Anhang IX (Finanzdienstleistungen) des EWR-Abkommens [2025/996]
[WARNUNG] Kein Inhalt für: OJ:L_202501030: Beschluss des Gemeinsamen EWR-Ausschusses Nr. 48/2025 vom 14. März 2025 zur Änderung von Anhang II (Technische Vorschriften, Normen, Prüfung und Zertifizierung) des EWR-Abkommens [2025/1030]
[WARNUNG] Kein Inhalt für: OJ:L_202501008: Beschluss des Gemeinsamen EWR-Ausschusses Nr. 76/2025 vom 14. März 2025 zur Änderung von Anhang IX (Finanzdienstleistungen) des EWR-Abkommens [2025/1008]
[WARNUNG] Kein Inhalt für: OJ:L_202501028: Beschluss des Gemeinsamen EWR-Ausschusses Nr. 52/2025 vom 14. März 2025 zur Änderung von Anhang II (Technische Vorschriften, Normen, Prüfung und Zertifizierung) des EWR-Abkommens [2025/1028]
[WARNUNG] Kein Inhalt für: CELEX:22025D1008: Beschluss des Gemeinsamen EWR-Ausschusses Nr. 76/2025 vom 14. März 2025 zur Änderung von Anhang IX (Finanzdienstleistungen) des EWR-Abkommens [2025/1008]
[WARNUNG] Kein Inhalt für: CELEX:22025D1031: Beschluss des Gemeinsamen EWR-Ausschusses Nr. 47/2025 vom 14. März 2025 zur Änderung von Anhang II (Technische Vorschriften, Normen, Prüfung und Zertifizierung) des EWR-Abkommens [2025/1031]
[WARNUNG] Kein Inhalt für: CELEX:22025D0985: Beschluss des Gemeinsamen EWR-Ausschusses Nr. 62/2025 vom 14. März 2025 zur Änderung von Anhang II (Technische Vorschriften, Normen, Prüfung und Zertifizierung) des EWR-Abkommens [2025/985]
[WARNUNG] Kein Inhalt für: CELEX:22025D1033: Beschluss des Gemeinsamen EWR-Ausschusses Nr. 43/2025 vom 14. März 2025 zur Änderung von Anhang I (Veterinärwesen und Pflanzenschutz) des EWR-Abkommens [2025/1033]
[WARNUNG] Kein Inhalt für: CELEX:22025D0996: Beschluss des Gemeinsamen EWR-Ausschusses Nr. 89/2025 vom 14. März 2025 zur Änderung von Anhang IX (Finanzdienstleistungen) des EWR-Abkommens [2025/996]
[WARNUNG] Kein Inhalt für: CELEX:22025D0995: Beschluss des Gemeinsamen EWR-Ausschusses Nr. 86/2025
[WARNUNG] Kein Inhalt für: CELEX:32025R1150: Verordnung (EU) 2025/1150 der Kommission vom 11. Juni 2025 zur Änderung des Anhangs III der Verordnung (EG) Nr. 1333/2008 des Europäischen Parlaments und des Rates hinsichtlich der Verwendung von Natriumascorbat (E 301) in Vitamin-A-Präparaten, die für Säuglingsanfangsnahrung und Folgenahrung bestimmt sind
[WARNUNG] Kein Inhalt für: CELEX:32025R1159: Delegierte Verordnung (EU) 2025/1159 der Kommission vom 31. März 2025 zur Berichtigung der Delegierten Verordnung (EU) 2022/126 zur Ergänzung der Verordnung (EU) 2021/2115 des Europäischen Parlaments und des Rates um zusätzliche Anforderungen für bestimmte, von den Mitgliedstaaten in ihren GAP-Strategieplänen für den Zeitraum 2023 bis 2027 gemäß der genannten Verordnung festgelegte Interventionskategorien sowie um Vorschriften über den Anteil für den Standard für den guten landwirtschaftlichen und ökologischen Zustand (GLÖZ-Standard) Nr. 1
[WARNUNG] Kein Inhalt für: CELEX:32025R1152: Durchführungsverordnung (EU) 2025/1152 der Kommission vom 11. Juni 2025 zur Erneuerung der Genehmigung für den Wirkstoff Chinolin-8-ol — als Substitutionskandidat — gemäß der Verordnung (EG) Nr. 1107/2009 des Europäischen Parlaments und des Rates sowie zur Änderung der Durchführungsverordnungen (EU) Nr. 540/2011 und (EU) 2015/408 der Kommission
[WARNUNG] Kein Inhalt für: CELEX:32025R1117: Delegierte Verordnung (EU) 2025/1117 der Kommission vom 3. April 2025 zur Änderung der Delegierten Verordnung (EU) 2015/68 und der Delegierten Verordnung (EU) 2015/208 im Hinblick auf die Anforderungen für die Bremsen von Fahrzeugen und die Anforderungen an die funktionale Sicherheit von land- und forstwirtschaftlichen Fahrzeugen
[WARNUNG] Kein Inhalt für: CELEX:22025D1030: Beschluss des Gemeinsamen EWR-Ausschusses Nr. 48/2025 vom 14. März 2025 zur Änderung von Anhang II (Technische Vorschriften, Normen, Prüfung und Zertifizierung) des EWR-Abkommens [2025/1030]
[WARNUNG] Kein Inhalt für: CELEX:22025D0990: Beschluss des Gemeinsamen EWR-Ausschusses Nr. 65/2025 vom 14. März 2025 zur Änderung von Anhang II (Technische Vorschriften, Normen, Prüfung und Zertifizierung) des EWR-Abkommens [2025/990]
[WARNUNG] Kein Inhalt für: CELEX:22025D1002: Beschluss des Gemeinsamen EWR-Ausschusses Nr. 81/2025 vom 14. März 2025 zur Änderung von Anhang XIII (Verkehr) des EWR-Abkommens [2025/1002]
[WARNUNG] Kein Inhalt für: CELEX:32024R2076R(06)
[WARNUNG] Kein Inhalt für: CELEX:22025D0986: Beschluss des Gemeinsamen EWR-Ausschusses Nr. 70/2025 vom 14. März 2025 zur Änderung von Anhang IX (Finanzdienstleistungen) des EWR-Abkommens [2025/986]
[WARNUNG] Kein Inhalt für: CELEX:22025D1008: Beschluss des Gemeinsamen EWR-Ausschusses Nr. 76/2025 vom 14. März 2025 zur Änderung von Anhang IX (Finanzdienstleistungen) des EWR-Abkommens [2025/1008]
[WARNUNG] Kein Inhalt für: CELEX:22025D1031: Beschluss des Gemeinsamen EWR-Ausschusses Nr. 47/2025 vom 14. März 2025 zur Änderung von Anhang II (Technische Vorschriften, Normen, Prüfung und Zertifizierung) des EWR-Abkommens [2025/1031]
[WARNUNG] Kein Inhalt für: CELEX:22025D0985: Beschluss des Gemeinsamen EWR-Ausschusses Nr. 62/2025 vom 14. März 2025 zur Änderung von Anhang II (Technische Vorschriften, Normen, Prüfung und Zertifizierung) des EWR-Abkommens [2025/985]
[WARNUNG] Kein Inhalt für: CELEX:32025R1150: Verordnung (EU) 2025/1150 der Kommission vom 11. Juni 2025 zur Änderung des Anhangs III der Verordnung (EG) Nr. 1333/2008 des Europäischen Parlaments und des Rates hinsichtlich der Verwendung von Natriumascorbat (E 301) in Vitamin-A-Präparaten, die für Säuglingsanfangsnahrung und Folgenahrung bestimmt sind
[WARNUNG] Kein Inhalt für: CELEX:32025R1159: Delegierte Verordnung (EU) 2025/1159 der Kommission vom 31. März 2025 zur Berichtigung der Delegierten Verordnung (EU) 2022/126 zur Ergänzung der Verordnung (EU) 2021/2115 des Europäischen Parlaments und des Rates um zusätzliche Anforderungen für bestimmte, von den Mitgliedstaaten in ihren GAP-Strategieplänen für den Zeitraum 2023 bis 2027 gemäß der genannten Verordnung festgelegte Interventionskategorien sowie um Vorschriften über den Anteil für den Standard für den guten landwirtschaftlichen und ökologischen Zustand (GLÖZ-Standard) Nr. 1
[WARNUNG] Kein Inhalt für: CELEX:32025R1152: Durchführungsverordnung (EU) 2025/1152 der Kommission vom 11. Juni 2025 zur Erneuerung der Genehmigung für den Wirkstoff Chinolin-8-ol — als Substitutionskandidat — gemäß der Verordnung (EG) Nr. 1107/2009 des Europäischen Parlaments und des Rates sowie zur Änderung der Durchführungsverordnungen (EU) Nr. 540/2011 und (EU) 2015/408 der Kommission
[WARNUNG] Kein Inhalt für: CELEX:32025R1117: Delegierte Verordnung (EU) 2025/1117 der Kommission vom 3. April 2025 zur Änderung der Delegierten Verordnung (EU) 2015/68 und der Delegierten Verordnung (EU) 2015/208 im Hinblick auf die Anforderungen für die Bremsen von Fahrzeugen und die Anforderungen an die funktionale Sicherheit von land- und forstwirtschaftlichen Fahrzeugen
[WARNUNG] Kein Inhalt für: CELEX:22025D0990: Beschluss des Gemeinsamen EWR-Ausschusses Nr. 65/2025 vom 14. März 2025 zur Änderung von Anhang II (Technische Vorschriften, Normen, Prüfung und Zertifizierung) des EWR-Abkommens [2025/990]
[WARNUNG] Kein Inhalt für: CELEX:22025D1033: Beschluss des Gemeinsamen EWR-Ausschusses Nr. 43/2025 vom 14. März 2025 zur Änderung von Anhang I (Veterinärwesen und Pflanzenschutz) des EWR-Abkommens [2025/1033]
[WARNUNG] Kein Inhalt für: CELEX:22025D0996: Beschluss des Gemeinsamen EWR-Ausschusses Nr. 89/2025 vom 14. März 2025 zur Änderung von Anhang IX (Finanzdienstleistungen) des EWR-Abkommens [2025/996]
[WARNUNG] Kein Inhalt für: CELEX:22025D0995: Beschluss des Gemeinsamen EWR-Ausschusses Nr. 86/2025
[WARNUNG] Kein Inhalt für: CELEX:22025D1030: Beschluss des Gemeinsamen EWR-Ausschusses Nr. 48/2025 vom 14. März 2025 zur Änderung von Anhang II (Technische Vorschriften, Normen, Prüfung und Zertifizierung) des EWR-Abkommens [2025/1030]
[WARNUNG] Kein Inhalt für: CELEX:22025D1002: Beschluss des Gemeinsamen EWR-Ausschusses Nr. 81/2025 vom 14. März 2025 zur Änderung von Anhang XIII (Verkehr) des EWR-Abkommens [2025/1002]
[WARNUNG] Kein Inhalt für: CELEX:32024R2076R(06)
[WARNUNG] Kein Inhalt für: CELEX:22025D0978: Beschluss des Gemeinsamen EWR-Ausschusses Nr. 84/2025 vom 14. März 2025 zur Änderung von Anhang XX (Umweltschutz) des EWR-Abkommens [2025/978]
